2020/09/27 00:42:07 {"callers":["/root/go/go-programming-tour-book/blog-service/main.go: 25 %!s(int=25)%!(EXTRA string=main.init.0)"],"level":"info","mesage":"eddycjy: go-programming-book/blog-service","time":1601192527355306305}
2020/09/27 00:48:11 {"callers":["/root/go/go-programming-tour-book/blog-service/main.go: 25 main.init.0"],"level":"info","mesage":"eddycjy: go-programming-book/blog-service","time":1601192891681881989}
2020/09/27 01:25:11 {"callers":["/root/go/go-programming-tour-book/blog-service/main.go: 25 main.init.0"],"level":"info","mesage":"eddycjy: go-programming-book/blog-service","time":1601195111315606276}
2020/09/27 23:16:08 {"callers":["/root/go/go-programming-tour-book/blog-service/main.go: 25 main.init.0"],"level":"info","mesage":"eddycjy: go-programming-book/blog-service","time":1601273768332838026}
2020/09/27 23:24:28 {"callers":["/root/go/go-programming-tour-book/blog-service/main.go: 25 main.init.0"],"level":"info","mesage":"eddycjy: go-programming-book/blog-service","time":1601274268779618372}
2020/09/27 23:46:59 {"callers":["/root/go/go-programming-tour-book/blog-service/main.go: 25 main.init.0"],"level":"info","mesage":"eddycjy: go-programming-book/blog-service","time":1601275619922654794}
2020/09/27 23:49:15 {"callers":["/root/go/go-programming-tour-book/blog-service/main.go: 25 main.init.0"],"level":"info","mesage":"eddycjy: go-programming-book/blog-service","time":1601275755512233288}
2020/09/28 01:33:11 {"callers":["/root/go/go-programming-tour-book/blog-service/main.go: 25 main.init.0"],"level":"info","mesage":"eddycjy: go-programming-book/blog-service","time":1601281991221783279}
2020/09/28 01:34:10 {"callers":["/root/go/go-programming-tour-book/blog-service/main.go: 25 main.init.0"],"level":"fatal","mesage":"app.BindAndValid errs: [State必须是[0 1]中的一个]","time":1601282050894950268}
2020/09/28 01:34:21 {"callers":["/root/go/go-programming-tour-book/blog-service/main.go: 25 main.init.0"],"level":"fatal","mesage":"app.BindAndValid errs: []","time":1601282061532062472}
2020/09/28 01:34:51 {"callers":["/root/go/go-programming-tour-book/blog-service/main.go: 25 main.init.0"],"level":"fatal","mesage":"app.BindAndValid errs: []","time":1601282091691012151}
2020/09/28 01:35:08 {"callers":["/root/go/go-programming-tour-book/blog-service/main.go: 25 main.init.0"],"level":"fatal","mesage":"app.BindAndValid errs: []","time":1601282108827518730}
2020/09/28 01:35:24 {"callers":["/root/go/go-programming-tour-book/blog-service/main.go: 25 main.init.0"],"level":"fatal","mesage":"app.BindAndValid errs: []","time":1601282124060289484}
2020/09/28 01:35:45 {"callers":["/root/go/go-programming-tour-book/blog-service/main.go: 25 main.init.0"],"level":"fatal","mesage":"app.BindAndValid errs: []","time":1601282145106753957}
2020/09/28 01:36:31 {"callers":["/root/go/go-programming-tour-book/blog-service/main.go: 25 main.init.0"],"level":"fatal","mesage":"app.BindAndValid errs: []","time":1601282191569603122}
2020/09/28 01:36:59 {"callers":["/root/go/go-programming-tour-book/blog-service/main.go: 25 main.init.0"],"level":"fatal","mesage":"app.BindAndValid errs: []","time":1601282219980612460}
2020/09/28 01:37:05 {"callers":["/root/go/go-programming-tour-book/blog-service/main.go: 25 main.init.0"],"level":"fatal","mesage":"app.BindAndValid errs: [State必须是[0 1]中的一个]","time":1601282225836824967}
2020/09/29 01:17:04 {"callers":["/root/go/go-programming-tour-book/blog-service/main.go: 25 main.init.0"],"level":"info","mesage":"eddycjy: go-programming-book/blog-service","time":1601367424020971623}
2020/09/29 01:21:13 {"callers":["/root/go/go-programming-tour-book/blog-service/main.go: 25 main.init.0"],"level":"error","mesage":"svc.GetTagList err:Error 1054: Unknown column 'id_del' in 'where clause'","time":1601367673809178702}
2020/09/29 01:21:47 {"callers":["/root/go/go-programming-tour-book/blog-service/main.go: 25 main.init.0"],"level":"error","mesage":"svc.GetTagList err:Error 1054: Unknown column 'id_del' in 'where clause'","time":1601367707985700033}
2020/09/29 01:22:06 {"callers":["/root/go/go-programming-tour-book/blog-service/main.go: 25 main.init.0"],"level":"error","mesage":"svc.GetTagList err:Error 1054: Unknown column 'id_del' in 'where clause'","time":1601367726326482475}
2020/09/29 01:28:45 {"callers":["/root/go/go-programming-tour-book/blog-service/main.go: 25 main.init.0"],"level":"error","mesage":"svc.GetTagList err:Error 1054: Unknown column 'id_del' in 'where clause'","time":1601368125252441660}
2020/09/29 01:29:21 {"callers":["/root/go/go-programming-tour-book/blog-service/main.go: 25 main.init.0"],"level":"error","mesage":"svc.GetTagList err:Error 1054: Unknown column 'id_del' in 'where clause'","time":1601368161713397569}
2020/09/29 01:37:26 {"callers":["/root/go/go-programming-tour-book/blog-service/main.go: 25 main.init.0"],"level":"info","mesage":"eddycjy: go-programming-book/blog-service","time":1601368646131953348}
2020/09/29 01:39:37 {"callers":["/root/go/go-programming-tour-book/blog-service/main.go: 25 main.init.0"],"level":"error","mesage":"svc.GetTagList err:Error 1054: Unknown column 'id_del' in 'where clause'","time":1601368777812190155}
2020/09/29 01:41:42 {"callers":["/root/go/go-programming-tour-book/blog-service/main.go: 25 main.init.0"],"level":"info","mesage":"eddycjy: go-programming-book/blog-service","time":1601368902874649698}
2020/09/29 02:00:15 {"callers":["/root/go/go-programming-tour-book/blog-service/main.go: 25 main.init.0"],"level":"info","mesage":"eddycjy: go-programming-book/blog-service","time":1601370015662966101}
2020/09/29 02:02:49 {"callers":["/root/go/go-programming-tour-book/blog-service/main.go: 25 main.init.0"],"level":"error","mesage":"svc.UpdateTag err: sql: expected 5 arguments, got 6","time":1601370169867914527}
2020/09/29 02:08:21 {"callers":["/root/go/go-programming-tour-book/blog-service/main.go: 25 main.init.0"],"level":"info","mesage":"eddycjy: go-programming-book/blog-service","time":1601370501891571985}
2020/09/29 02:22:04 {"callers":["/root/go/go-programming-tour-book/blog-service/main.go: 25 main.init.0"],"level":"info","mesage":"eddycjy: go-programming-book/blog-service","time":1601371324310280891}
2020/09/29 02:25:51 {"callers":["/root/go/go-programming-tour-book/blog-service/main.go: 25 main.init.0"],"level":"info","mesage":"eddycjy: go-programming-book/blog-service","time":1601371551678245906}
2020/10/09 23:14:54 {"callers":["/root/go/go-programming-tour-book/blog-service/main.go: 25 main.init.0"],"level":"info","mesage":"eddycjy: go-programming-book/blog-service","time":1602310494007995261}
2020/10/09 23:35:19 {"callers":["/root/go/go-programming-tour-book/blog-service/main.go: 25 main.init.0"],"level":"error","mesage":"svc.GetArticleList err: Error 1146: Table 'blog_service.blog_article_tagas' doesn't exist","time":1602311719352646674}
2020/10/09 23:35:51 {"callers":["/root/go/go-programming-tour-book/blog-service/main.go: 25 main.init.0"],"level":"error","mesage":"svc.GetArticleList err: Error 1146: Table 'blog_service.blog_article_tagas' doesn't exist","time":1602311751637642977}
2020/10/09 23:41:45 {"callers":["/root/go/go-programming-tour-book/blog-service/main.go: 25 main.init.0"],"level":"error","mesage":"svc.GetArticleList err: Error 1146: Table 'blog_service.blog_article_tagas' doesn't exist","time":1602312105649074022}
2020/10/09 23:56:50 {"callers":["/root/go/go-programming-tour-book/blog-service/main.go: 25 main.init.0"],"level":"info","mesage":"eddycjy: go-programming-book/blog-service","time":1602313010311477651}
2020/10/09 23:57:28 {"callers":["/root/go/go-programming-tour-book/blog-service/main.go: 25 main.init.0"],"level":"error","mesage":"svc.GetArticleList err: sql: Scan error on column index 5, name \"tag_id\": converting NULL to uint32 is unsupported","time":1602313048608075053}
2020/10/10 00:09:15 {"callers":["/root/go/go-programming-tour-book/blog-service/main.go: 25 main.init.0"],"level":"info","mesage":"eddycjy: go-programming-book/blog-service","time":1602313755602155258}
2020/10/10 00:16:56 {"callers":["/root/go/go-programming-tour-book/blog-service/main.go: 25 main.init.0"],"level":"info","mesage":"eddycjy: go-programming-book/blog-service","time":1602314216933521014}
2020/10/10 02:25:31 {"callers":["/root/go/go-programming-tour-book/blog-service/main.go: 25 main.init.0"],"level":"info","mesage":"eddycjy: go-programming-book/blog-service","time":1602321931060756551}
2020/10/11 18:16:38 {"callers":["/root/go/go-programming-tour-book/blog-service/main.go: 25 main.init.0"],"level":"info","mesage":"eddycjy: go-programming-book/blog-service","time":1602465398205688838}
2020/10/12 00:10:20 {"callers":["/root/go/go-programming-tour-book/blog-service/main.go: 25 main.init.0"],"level":"info","mesage":"eddycjy: go-programming-book/blog-service","time":1602486620796212809}
2020/10/12 00:12:01 {"callers":["/root/go/go-programming-tour-book/blog-service/main.go: 25 main.init.0"],"level":"error","mesage":"app.BindAndValid errs: AppSecret为必填字段","time":1602486721420037306}
2020/10/12 00:12:48 {"callers":["/root/go/go-programming-tour-book/blog-service/main.go: 25 main.init.0"],"level":"error","mesage":"app.BindAndValid errs: ","time":1602486768003229472}
2020/10/12 00:13:13 {"callers":["/root/go/go-programming-tour-book/blog-service/main.go: 25 main.init.0"],"level":"error","mesage":"app.BindAndValid errs: ","time":1602486793647375185}
2020/10/12 00:13:45 {"callers":["/root/go/go-programming-tour-book/blog-service/main.go: 25 main.init.0"],"level":"error","mesage":"app.BindAndValid errs: ","time":1602486825257903334}
2020/10/12 00:16:06 {"callers":["/root/go/go-programming-tour-book/blog-service/main.go: 25 main.init.0"],"level":"error","mesage":"app.BindAndValid errs: AppKey为必填字段","time":1602486966449686341}
2020/10/12 00:17:04 {"callers":["/root/go/go-programming-tour-book/blog-service/main.go: 25 main.init.0"],"level":"error","mesage":"app.BindAndValid errs: AppKey为必填字段","time":1602487024332835697}
2020/10/12 00:17:06 {"callers":["/root/go/go-programming-tour-book/blog-service/main.go: 25 main.init.0"],"level":"error","mesage":"app.BindAndValid errs: AppKey为必填字段","time":1602487026384947268}
2020/10/12 00:17:14 {"callers":["/root/go/go-programming-tour-book/blog-service/main.go: 25 main.init.0"],"level":"error","mesage":"app.BindAndValid errs: ","time":1602487034157461753}
2020/10/12 00:17:19 {"callers":["/root/go/go-programming-tour-book/blog-service/main.go: 25 main.init.0"],"level":"error","mesage":"app.BindAndValid errs: AppKey为必填字段","time":1602487039530149493}
2020/10/12 00:17:23 {"callers":["/root/go/go-programming-tour-book/blog-service/main.go: 25 main.init.0"],"level":"error","mesage":"app.BindAndValid errs: ","time":1602487043494474412}
2020/10/12 00:19:22 {"callers":["/root/go/go-programming-tour-book/blog-service/main.go: 25 main.init.0"],"level":"error","mesage":"app.BindAndValid errs: ","time":1602487162577564793}
2020/10/12 00:19:23 {"callers":["/root/go/go-programming-tour-book/blog-service/main.go: 25 main.init.0"],"level":"error","mesage":"app.BindAndValid errs: ","time":1602487163770329875}
2020/10/12 00:19:29 {"callers":["/root/go/go-programming-tour-book/blog-service/main.go: 25 main.init.0"],"level":"error","mesage":"app.BindAndValid errs: ","time":1602487169214094265}
2020/10/12 00:19:30 {"callers":["/root/go/go-programming-tour-book/blog-service/main.go: 25 main.init.0"],"level":"error","mesage":"app.BindAndValid errs: ","time":1602487170152033624}
2020/10/12 00:19:31 {"callers":["/root/go/go-programming-tour-book/blog-service/main.go: 25 main.init.0"],"level":"error","mesage":"app.BindAndValid errs: ","time":1602487171148607819}
2020/10/12 00:20:19 {"callers":["/root/go/go-programming-tour-book/blog-service/main.go: 25 main.init.0"],"level":"error","mesage":"app.BindAndValid errs: ","time":1602487219342582804}
2020/10/12 00:20:31 {"callers":["/root/go/go-programming-tour-book/blog-service/main.go: 25 main.init.0"],"level":"error","mesage":"app.BindAndValid errs: ","time":1602487231834794373}
2020/10/12 00:20:33 {"callers":["/root/go/go-programming-tour-book/blog-service/main.go: 25 main.init.0"],"level":"error","mesage":"app.BindAndValid errs: ","time":1602487233031626607}
2020/10/12 00:20:59 {"callers":["/root/go/go-programming-tour-book/blog-service/main.go: 25 main.init.0"],"level":"error","mesage":"app.BindAndValid errs: ","time":1602487259764441506}
2020/10/12 00:21:00 {"callers":["/root/go/go-programming-tour-book/blog-service/main.go: 25 main.init.0"],"level":"error","mesage":"app.BindAndValid errs: ","time":1602487260761872683}
2020/10/12 00:31:36 {"callers":["/root/go/go-programming-tour-book/blog-service/main.go: 25 main.init.0"],"level":"error","mesage":"app.BindAndValid errs: ","time":1602487896915640741}
2020/10/12 00:31:52 {"callers":["/root/go/go-programming-tour-book/blog-service/main.go: 25 main.init.0"],"level":"error","mesage":"app.BindAndValid errs: ","time":1602487912548645841}
2020/10/12 00:32:27 {"callers":["/root/go/go-programming-tour-book/blog-service/main.go: 25 main.init.0"],"level":"info","mesage":"eddycjy: go-programming-book/blog-service","time":1602487947026360349}
2020/10/12 00:32:34 {"callers":["/root/go/go-programming-tour-book/blog-service/main.go: 25 main.init.0"],"level":"error","mesage":"app.BindAndValid errs: ","time":1602487954464207974}
2020/10/12 00:32:35 {"callers":["/root/go/go-programming-tour-book/blog-service/main.go: 25 main.init.0"],"level":"error","mesage":"app.BindAndValid errs: ","time":1602487955798580393}
2020/10/12 00:34:06 {"callers":["/root/go/go-programming-tour-book/blog-service/main.go: 25 main.init.0"],"level":"error","mesage":"app.BindAndValid errs: ","time":1602488046170604489}
2020/10/12 00:34:14 {"callers":["/root/go/go-programming-tour-book/blog-service/main.go: 25 main.init.0"],"level":"error","mesage":"app.BindAndValid errs: AppKey为必填字段","time":1602488054442458160}
2020/10/12 00:37:16 {"callers":["/root/go/go-programming-tour-book/blog-service/main.go: 25 main.init.0"],"level":"info","mesage":"eddycjy: go-programming-book/blog-service","time":1602488236958584216}
2020/10/12 00:38:02 {"callers":["/root/go/go-programming-tour-book/blog-service/main.go: 25 main.init.0"],"level":"error","mesage":"app.BindAndValid errs: ","time":1602488282518384239}
2020/10/12 00:41:42 {"callers":["/root/go/go-programming-tour-book/blog-service/main.go: 25 main.init.0"],"level":"error","mesage":"app.BindAndValid errs: ","time":1602488502939666738}
2020/10/12 00:42:18 {"callers":["/root/go/go-programming-tour-book/blog-service/main.go: 25 main.init.0"],"level":"error","mesage":"app.BindAndValid errs: ","time":1602488538046935634}
2020/10/12 00:42:52 {"callers":["/root/go/go-programming-tour-book/blog-service/main.go: 25 main.init.0"],"level":"error","mesage":"app.BindAndValid errs: AppSecret为必填字段","time":1602488572007527896}
2020/10/12 00:43:11 {"callers":["/root/go/go-programming-tour-book/blog-service/main.go: 25 main.init.0"],"level":"error","mesage":"app.BindAndValid errs: AppSecret为必填字段","time":1602488591356912360}
2020/10/12 00:43:47 {"callers":["/root/go/go-programming-tour-book/blog-service/main.go: 25 main.init.0"],"level":"error","mesage":"app.BindAndValid errs: AppKey为必填字段,AppSecret为必填字段","time":1602488627829736106}
2020/10/12 00:47:24 {"callers":["/root/go/go-programming-tour-book/blog-service/main.go: 25 main.init.0"],"level":"error","mesage":"app.BindAndValid errs: AppKey为必填字段,AppSecret为必填字段","time":1602488844450195336}
2020/10/12 00:48:01 {"callers":["/root/go/go-programming-tour-book/blog-service/main.go: 25 main.init.0"],"level":"error","mesage":"app.BindAndValid errs: ","time":1602488881042757280}
2020/10/12 00:51:37 {"callers":["/root/go/go-programming-tour-book/blog-service/main.go: 25 main.init.0"],"level":"info","mesage":"eddycjy: go-programming-book/blog-service","time":1602489097590638110}
2020/10/12 00:53:09 {"callers":["/root/go/go-programming-tour-book/blog-service/main.go: 25 main.init.0"],"level":"error","mesage":"app.BindAndValid errs: ","time":1602489189892039694}
2020/10/12 00:54:33 {"callers":["/root/go/go-programming-tour-book/blog-service/main.go: 25 main.init.0"],"level":"error","mesage":"app.BindAndValid errs: ","time":1602489273797494153}
2020/10/12 00:55:17 {"callers":["/root/go/go-programming-tour-book/blog-service/main.go: 25 main.init.0"],"level":"error","mesage":"app.BindAndValid errs: ","time":1602489317775933679}
2020/10/12 00:58:17 {"callers":["/root/go/go-programming-tour-book/blog-service/main.go: 25 main.init.0"],"level":"info","mesage":"eddycjy: go-programming-book/blog-service","time":1602489497877132093}
2020/10/12 00:58:32 {"callers":["/root/go/go-programming-tour-book/blog-service/main.go: 25 main.init.0"],"level":"error","mesage":"app.BindAndValid errs: ","time":1602489512306438320}
2020/10/12 01:01:07 {"callers":["/root/go/go-programming-tour-book/blog-service/main.go: 25 main.init.0"],"level":"info","mesage":"eddycjy: go-programming-book/blog-service","time":1602489667135170888}
2020/10/12 18:18:03 {"callers":["/root/go/go-programming-tour-book/blog-service/main.go: 25 main.init.0"],"level":"info","mesage":"eddycjy: go-programming-book/blog-service","time":1602551883218985092}
2020/10/12 18:18:11 {"callers":["/root/go/go-programming-tour-book/blog-service/main.go: 25 main.init.0"],"level":"error","mesage":"app.GenerateToken err: key is of invalid type","time":1602551891117562851}
2020/10/12 18:19:35 {"callers":["/root/go/go-programming-tour-book/blog-service/main.go: 25 main.init.0"],"level":"error","mesage":"svc.CheckAuth err: auth info does not exist.","time":1602551975393172450}
2020/10/12 18:19:45 {"callers":["/root/go/go-programming-tour-book/blog-service/main.go: 25 main.init.0"],"level":"error","mesage":"svc.CheckAuth err: auth info does not exist.","time":1602551985933414910}
2020/10/12 18:20:02 {"callers":["/root/go/go-programming-tour-book/blog-service/main.go: 25 main.init.0"],"level":"error","mesage":"svc.CheckAuth err: auth info does not exist.","time":1602552002669666917}
2020/10/12 18:24:50 {"callers":["/root/go/go-programming-tour-book/blog-service/main.go: 25 main.init.0"],"level":"error","mesage":"app.GenerateToken err: key is of invalid type","time":1602552290412225439}
2020/10/12 18:28:45 {"callers":["/root/go/go-programming-tour-book/blog-service/main.go: 25 main.init.0"],"level":"info","mesage":"eddycjy: go-programming-book/blog-service","time":1602552525514805688}
2020/10/12 18:28:54 {"callers":["/root/go/go-programming-tour-book/blog-service/main.go: 25 main.init.0"],"level":"error","mesage":"app.GenerateToken err: key is of invalid type","time":1602552534163754826}
2020/10/12 18:37:57 {"callers":["/root/go/go-programming-tour-book/blog-service/main.go: 25 main.init.0"],"level":"info","mesage":"eddycjy: go-programming-book/blog-service","time":1602553077841454845}
2020/10/12 18:38:05 {"callers":["/root/go/go-programming-tour-book/blog-service/main.go: 25 main.init.0"],"level":"error","mesage":"app.GenerateToken err: key is of invalid type","time":1602553085639873709}
2020/10/12 18:44:21 {"callers":["/root/go/go-programming-tour-book/blog-service/main.go: 25 main.init.0"],"level":"info","mesage":"eddycjy: go-programming-book/blog-service","time":1602553461751462269}
2020/10/12 18:44:31 {"callers":["/root/go/go-programming-tour-book/blog-service/main.go: 25 main.init.0"],"level":"error","mesage":"app.GenerateToken err: key is of invalid type","time":1602553471221274781}
2020/10/12 18:44:32 {"callers":["/root/go/go-programming-tour-book/blog-service/main.go: 25 main.init.0"],"level":"error","mesage":"app.GenerateToken err: key is of invalid type","time":1602553472270284387}
2020/10/12 18:46:32 {"callers":["/root/go/go-programming-tour-book/blog-service/main.go: 25 main.init.0"],"level":"info","mesage":"eddycjy: go-programming-book/blog-service","time":1602553592730230502}
2020/10/12 18:46:35 {"callers":["/root/go/go-programming-tour-book/blog-service/main.go: 25 main.init.0"],"level":"error","mesage":"app.GenerateToken err: key is of invalid type","time":1602553595774593094}
2020/10/12 18:49:11 {"callers":["/root/go/go-programming-tour-book/blog-service/main.go: 25 main.init.0"],"level":"info","mesage":"eddycjy: go-programming-book/blog-service","time":1602553751195756985}
2020/10/12 19:31:26 {"callers":["/root/go/go-programming-tour-book/blog-service/main.go: 25 main.init.0"],"level":"info","mesage":"eddycjy: go-programming-book/blog-service","time":1602556286235995431}
2020/10/15 20:26:05 {"callers":["/root/go/go-programming-tour-book/blog-service/main.go: 26 main.init.0"],"level":"info","mesage":"eddycjy: go-programming-book/blog-service","time":1602818765332534958}
2020/10/15 20:28:44 {"callers":["/root/go/go-programming-tour-book/blog-service/main.go: 26 main.init.0"],"level":"error","mesage":"svc.CheckAuth err: Error 1146: Table 'blog_service.blog_auth' doesn't exist","time":1602818924191955791}
2020/10/15 22:56:47 {"callers":["/root/go/go-programming-tour-book/blog-service/main.go: 27 main.init.0"],"level":"info","mesage":"eddycjy: go-programming-book/blog-service","time":1602827807591255764}
